-------------------------------------------------------------------------------
Test set: adeo.leroymerlin.cpd.TestingWebAppTest
-------------------------------------------------------------------------------
Tests run: 1, Failures: 0, Errors: 1, Skipped: 0, Time elapsed: 0.401 s <<< FAILURE! - in adeo.leroymerlin.cpd.TestingWebAppTest
adeo.leroymerlin.cpd.TestingWebAppTest  Time elapsed: 0.398 s  <<< ERROR!
java.lang.IllegalStateException: Unable to find a @SpringBootConfiguration, you need to use @ContextConfiguration or @SpringBootTest(classes=...) with your test

